{
  "0 debug pnpm:scope": {
    "selected": 3,
    "total": 3,
    "workspacePrefix": "/home/zoro/projects/personal/chartjs-adapter-dayjs"
  },
  "1 debug pnpm:package-manifest": {
    "initial": {
      "name": "chartjs-adapter-dayjs",
      "version": "0.0.0",
      "description": "dayjs date adapter for chartjs",
      "author": {
        "name": "Sambit Sahoo",
        "url": "https://github.com/soulsam480"
      },
      "license": "MIT",
      "scripts": {
        "dev": "vite",
        "prebuild": "rimraf dist",
        "build": "npm run prebuild && tsc --noEmit && vite build && npm run dts",
        "dts": "tsc --declaration --emitDeclarationOnly --declarationDir ./dist --removeComments false",
        "serve": "vite preview"
      },
      "files": [
        "dist"
      ],
      "main": "./dist/chartjs-adapter-dayjs.umd.js",
      "module": "./dist/chartjs-adapter-dayjs.es.js",
      "typings": "./dist/index.d.ts",
      "sideEffects": false,
      "devDependencies": {
        "chart.js": "^3.6.0",
        "dayjs": "^1.10.7",
        "rimraf": "^3.0.2",
        "typescript": "^4.3.2",
        "vite": "^latest",
        "@vitejs/plugin-vue": "latest"
      },
      "dependencies": {
        "vue": "next"
      },
      "repository": {
        "type": "git",
        "url": "git+https://github.com/soulsam480/chartjs-adapter-dayjs.git"
      }
    },
    "prefix": "/home/zoro/projects/personal/chartjs-adapter-dayjs"
  },
  "2 debug pnpm:package-manifest": {
    "initial": {
      "name": "app",
      "version": "0.0.0",
      "scripts": {
        "dev": "vite",
        "build": "vue-tsc --noEmit && vite build",
        "serve": "vite preview"
      }
    },
    "prefix": "/home/zoro/projects/personal/chartjs-adapter-dayjs/app"
  },
  "3 debug pnpm:package-manifest": {
    "initial": {
      "name": "chartjs-adapter-dayjs",
      "version": "0.0.0",
      "description": "dayjs date adapter for chartjs",
      "author": {
        "name": "Sambit Sahoo",
        "url": "https://github.com/soulsam480"
      },
      "license": "MIT",
      "scripts": {
        "dev": "vite",
        "prebuild": "rimraf dist",
        "build": "npm run prebuild && tsc --noEmit && vite build && npm run dts",
        "dts": "tsc --declaration --emitDeclarationOnly --declarationDir ./dist --removeComments false",
        "serve": "vite preview"
      },
      "files": [
        "dist"
      ],
      "main": "./dist/chartjs-adapter-dayjs.umd.js",
      "module": "./dist/chartjs-adapter-dayjs.es.js",
      "typings": "./dist/index.d.ts",
      "sideEffects": false,
      "devDependencies": {
        "chart.js": "^3.6.0",
        "dayjs": "^1.10.7",
        "rimraf": "^3.0.2"
      },
      "peerDependencies": {
        "chart.js": "^3.0.0"
      },
      "repository": {
        "type": "git",
        "url": "git+https://github.com/soulsam480/chartjs-adapter-dayjs.git"
      }
    },
    "prefix": "/home/zoro/projects/personal/chartjs-adapter-dayjs/lib"
  },
  "4 debug pnpm:context": {
    "currentLockfileExists": false,
    "storeDir": "/home/zoro/.pnpm-store/v3",
    "virtualStoreDir": "/home/zoro/projects/personal/chartjs-adapter-dayjs/node_modules/.pnpm"
  },
  "5 debug pnpm:stage": {
    "prefix": "/home/zoro/projects/personal/chartjs-adapter-dayjs",
    "stage": "resolution_started"
  },
  "6 debug pnpm:_dependency_resolved": {
    "resolution": "registry.npmjs.org/chart.js/3.6.0",
    "wanted": {
      "dependentId": ".",
      "name": "chart.js",
      "rawSpec": "^3.6.0"
    }
  },
  "7 debug pnpm:_dependency_resolved": {
    "resolution": "registry.npmjs.org/dayjs/1.10.7",
    "wanted": {
      "dependentId": ".",
      "name": "dayjs",
      "rawSpec": "^1.10.7"
    }
  },
  "8 debug pnpm:_dependency_resolved": {
    "resolution": "registry.npmjs.org/rimraf/3.0.2",
    "wanted": {
      "dependentId": ".",
      "name": "rimraf",
      "rawSpec": "^3.0.2"
    }
  },
  "9 debug pnpm:_dependency_resolved": {
    "resolution": "registry.npmjs.org/typescript/4.4.4",
    "wanted": {
      "dependentId": ".",
      "name": "typescript",
      "rawSpec": "^4.3.2"
    }
  },
  "10 debug pnpm:_dependency_resolved": {
    "resolution": "registry.npmjs.org/chart.js/3.6.0",
    "wanted": {
      "dependentId": "lib",
      "name": "chart.js",
      "rawSpec": "^3.6.0"
    }
  },
  "11 debug pnpm:_dependency_resolved": {
    "resolution": "registry.npmjs.org/dayjs/1.10.7",
    "wanted": {
      "dependentId": "lib",
      "name": "dayjs",
      "rawSpec": "^1.10.7"
    }
  },
  "12 debug pnpm:_dependency_resolved": {
    "resolution": "registry.npmjs.org/rimraf/3.0.2",
    "wanted": {
      "dependentId": "lib",
      "name": "rimraf",
      "rawSpec": "^3.0.2"
    }
  },
  "13 error pnpm": {
    "code": "ERR_PNPM_SPEC_NOT_SUPPORTED_BY_ANY_RESOLVER",
    "pkgsStack": [],
    "err": {
      "name": "pnpm",
      "message": "vite@^latest isn't supported by any available resolver.",
      "code": "ERR_PNPM_SPEC_NOT_SUPPORTED_BY_ANY_RESOLVER",
      "stack": "pnpm: vite@^latest isn't supported by any available resolver.\n    at Object.resolve (/home/zoro/.nvm/versions/node/v14.17.4/pnpm-global/5/node_modules/.pnpm/pnpm@6.22.1/node_modules/pnpm/dist/pnpm.cjs:85358:17)\n    at async run (/home/zoro/.nvm/versions/node/v14.17.4/pnpm-global/5/node_modules/.pnpm/pnpm@6.22.1/node_modules/pnpm/dist/pnpm.cjs:71093:23)"
    }
  }
}